\BOOKMARK [0][-]{chapter.1}{\376\377\0001\000\040\000H\000i\000e\000r\000a\000r\000c\000h\000i\000c\000a\000l\000\040\000I\000n\000d\000e\000x}{}% 1
\BOOKMARK [1][-]{section.1.1}{\376\377\0001\000.\0001\000\040\000C\000l\000a\000s\000s\000\040\000H\000i\000e\000r\000a\000r\000c\000h\000y}{chapter.1}% 2
\BOOKMARK [0][-]{chapter.2}{\376\377\0002\000\040\000C\000l\000a\000s\000s\000\040\000I\000n\000d\000e\000x}{}% 3
\BOOKMARK [1][-]{section.2.1}{\376\377\0002\000.\0001\000\040\000C\000l\000a\000s\000s\000\040\000L\000i\000s\000t}{chapter.2}% 4
\BOOKMARK [0][-]{chapter.3}{\376\377\0003\000\040\000F\000i\000l\000e\000\040\000I\000n\000d\000e\000x}{}% 5
\BOOKMARK [1][-]{section.3.1}{\376\377\0003\000.\0001\000\040\000F\000i\000l\000e\000\040\000L\000i\000s\000t}{chapter.3}% 6
\BOOKMARK [0][-]{chapter.4}{\376\377\0004\000\040\000C\000l\000a\000s\000s\000\040\000D\000o\000c\000u\000m\000e\000n\000t\000a\000t\000i\000o\000n}{}% 7
\BOOKMARK [1][-]{section.4.1}{\376\377\0004\000.\0001\000\040\000C\000a\000m\000e\000r\000a\000\040\000C\000l\000a\000s\000s\000\040\000R\000e\000f\000e\000r\000e\000n\000c\000e}{chapter.4}% 8
\BOOKMARK [2][-]{subsection.4.1.1}{\376\377\0004\000.\0001\000.\0001\000\040\000D\000e\000t\000a\000i\000l\000e\000d\000\040\000D\000e\000s\000c\000r\000i\000p\000t\000i\000o\000n}{section.4.1}% 9
\BOOKMARK [2][-]{subsection.4.1.2}{\376\377\0004\000.\0001\000.\0002\000\040\000C\000o\000n\000s\000t\000r\000u\000c\000t\000o\000r\000\040\000\046\000\040\000D\000e\000s\000t\000r\000u\000c\000t\000o\000r\000\040\000D\000o\000c\000u\000m\000e\000n\000t\000a\000t\000i\000o\000n}{section.4.1}% 10
\BOOKMARK [3][-]{subsubsection.4.1.2.1}{\376\377\0004\000.\0001\000.\0002\000.\0001\000\040\000C\000a\000m\000e\000r\000a\000\050\000\051}{subsection.4.1.2}% 11
\BOOKMARK [2][-]{subsection.4.1.3}{\376\377\0004\000.\0001\000.\0003\000\040\000M\000e\000m\000b\000e\000r\000\040\000F\000u\000n\000c\000t\000i\000o\000n\000\040\000D\000o\000c\000u\000m\000e\000n\000t\000a\000t\000i\000o\000n}{section.4.1}% 12
\BOOKMARK [3][-]{subsubsection.4.1.3.1}{\376\377\0004\000.\0001\000.\0003\000.\0001\000\040\000g\000e\000t\000\137\000v\000i\000e\000w\000\137\000m\000a\000t\000r\000i\000x\000\050\000\051}{subsection.4.1.3}% 13
\BOOKMARK [3][-]{subsubsection.4.1.3.2}{\376\377\0004\000.\0001\000.\0003\000.\0002\000\040\000p\000r\000o\000c\000e\000s\000s\000\137\000k\000e\000y\000b\000o\000a\000r\000d\000\050\000\051}{subsection.4.1.3}% 14
\BOOKMARK [3][-]{subsubsection.4.1.3.3}{\376\377\0004\000.\0001\000.\0003\000.\0003\000\040\000p\000r\000o\000c\000e\000s\000s\000\137\000m\000o\000u\000s\000e\000\137\000m\000o\000v\000e\000m\000e\000n\000t\000\050\000\051}{subsection.4.1.3}% 15
\BOOKMARK [2][-]{subsection.4.1.4}{\376\377\0004\000.\0001\000.\0004\000\040\000M\000e\000m\000b\000e\000r\000\040\000D\000a\000t\000a\000\040\000D\000o\000c\000u\000m\000e\000n\000t\000a\000t\000i\000o\000n}{section.4.1}% 16
\BOOKMARK [3][-]{subsubsection.4.1.4.1}{\376\377\0004\000.\0001\000.\0004\000.\0001\000\040\000f\000r\000o\000n\000t}{subsection.4.1.4}% 17
\BOOKMARK [3][-]{subsubsection.4.1.4.2}{\376\377\0004\000.\0001\000.\0004\000.\0002\000\040\000m\000o\000u\000s\000e\000\137\000s\000e\000n\000s\000i\000t\000i\000v\000i\000t\000y}{subsection.4.1.4}% 18
\BOOKMARK [3][-]{subsubsection.4.1.4.3}{\376\377\0004\000.\0001\000.\0004\000.\0003\000\040\000m\000o\000v\000e\000m\000e\000n\000t\000\137\000s\000p\000e\000e\000d}{subsection.4.1.4}% 19
\BOOKMARK [3][-]{subsubsection.4.1.4.4}{\376\377\0004\000.\0001\000.\0004\000.\0004\000\040\000p\000i\000t\000c\000h}{subsection.4.1.4}% 20
\BOOKMARK [3][-]{subsubsection.4.1.4.5}{\376\377\0004\000.\0001\000.\0004\000.\0005\000\040\000p\000o\000s\000i\000t\000i\000o\000n}{subsection.4.1.4}% 21
\BOOKMARK [3][-]{subsubsection.4.1.4.6}{\376\377\0004\000.\0001\000.\0004\000.\0006\000\040\000r\000i\000g\000h\000t}{subsection.4.1.4}% 22
\BOOKMARK [3][-]{subsubsection.4.1.4.7}{\376\377\0004\000.\0001\000.\0004\000.\0007\000\040\000u\000p}{subsection.4.1.4}% 23
\BOOKMARK [3][-]{subsubsection.4.1.4.8}{\376\377\0004\000.\0001\000.\0004\000.\0008\000\040\000w\000o\000r\000l\000d\000\137\000u\000p}{subsection.4.1.4}% 24
\BOOKMARK [3][-]{subsubsection.4.1.4.9}{\376\377\0004\000.\0001\000.\0004\000.\0009\000\040\000y\000a\000w}{subsection.4.1.4}% 25
\BOOKMARK [3][-]{subsubsection.4.1.4.10}{\376\377\0004\000.\0001\000.\0004\000.\0001\0000\000\040\000z\000o\000o\000m}{subsection.4.1.4}% 26
\BOOKMARK [1][-]{section.4.2}{\376\377\0004\000.\0002\000\040\000C\000u\000b\000e\000\040\000C\000l\000a\000s\000s\000\040\000R\000e\000f\000e\000r\000e\000n\000c\000e}{chapter.4}% 27
\BOOKMARK [2][-]{subsection.4.2.1}{\376\377\0004\000.\0002\000.\0001\000\040\000D\000e\000t\000a\000i\000l\000e\000d\000\040\000D\000e\000s\000c\000r\000i\000p\000t\000i\000o\000n}{section.4.2}% 28
\BOOKMARK [1][-]{section.4.3}{\376\377\0004\000.\0003\000\040\000u\000d\000i\000t\000:\000:\000C\000u\000b\000e\000\040\000C\000l\000a\000s\000s\000\040\000R\000e\000f\000e\000r\000e\000n\000c\000e}{chapter.4}% 29
\BOOKMARK [2][-]{subsection.4.3.1}{\376\377\0004\000.\0003\000.\0001\000\040\000C\000o\000n\000s\000t\000r\000u\000c\000t\000o\000r\000\040\000\046\000\040\000D\000e\000s\000t\000r\000u\000c\000t\000o\000r\000\040\000D\000o\000c\000u\000m\000e\000n\000t\000a\000t\000i\000o\000n}{section.4.3}% 30
\BOOKMARK [3][-]{subsubsection.4.3.1.1}{\376\377\0004\000.\0003\000.\0001\000.\0001\000\040\000C\000u\000b\000e\000\050\000\051\000\040\000[\0001\000/\0004\000]}{subsection.4.3.1}% 31
\BOOKMARK [3][-]{subsubsection.4.3.1.2}{\376\377\0004\000.\0003\000.\0001\000.\0002\000\040\000C\000u\000b\000e\000\050\000\051\000\040\000[\0002\000/\0004\000]}{subsection.4.3.1}% 32
\BOOKMARK [3][-]{subsubsection.4.3.1.3}{\376\377\0004\000.\0003\000.\0001\000.\0003\000\040\000C\000u\000b\000e\000\050\000\051\000\040\000[\0003\000/\0004\000]}{subsection.4.3.1}% 33
\BOOKMARK [3][-]{subsubsection.4.3.1.4}{\376\377\0004\000.\0003\000.\0001\000.\0004\000\040\000C\000u\000b\000e\000\050\000\051\000\040\000[\0004\000/\0004\000]}{subsection.4.3.1}% 34
\BOOKMARK [1][-]{section.4.4}{\376\377\0004\000.\0004\000\040\000E\000v\000e\000n\000t\000H\000a\000n\000d\000l\000e\000r\000\040\000C\000l\000a\000s\000s\000\040\000R\000e\000f\000e\000r\000e\000n\000c\000e}{chapter.4}% 35
\BOOKMARK [2][-]{subsection.4.4.1}{\376\377\0004\000.\0004\000.\0001\000\040\000D\000e\000t\000a\000i\000l\000e\000d\000\040\000D\000e\000s\000c\000r\000i\000p\000t\000i\000o\000n}{section.4.4}% 36
\BOOKMARK [2][-]{subsection.4.4.2}{\376\377\0004\000.\0004\000.\0002\000\040\000C\000o\000n\000s\000t\000r\000u\000c\000t\000o\000r\000\040\000\046\000\040\000D\000e\000s\000t\000r\000u\000c\000t\000o\000r\000\040\000D\000o\000c\000u\000m\000e\000n\000t\000a\000t\000i\000o\000n}{section.4.4}% 37
\BOOKMARK [3][-]{subsubsection.4.4.2.1}{\376\377\0004\000.\0004\000.\0002\000.\0001\000\040\000E\000v\000e\000n\000t\000H\000a\000n\000d\000l\000e\000r\000\050\000\051}{subsection.4.4.2}% 38
\BOOKMARK [2][-]{subsection.4.4.3}{\376\377\0004\000.\0004\000.\0003\000\040\000M\000e\000m\000b\000e\000r\000\040\000F\000u\000n\000c\000t\000i\000o\000n\000\040\000D\000o\000c\000u\000m\000e\000n\000t\000a\000t\000i\000o\000n}{section.4.4}% 39
\BOOKMARK [3][-]{subsubsection.4.4.3.1}{\376\377\0004\000.\0004\000.\0003\000.\0001\000\040\000h\000a\000n\000d\000l\000e\000\137\000e\000v\000e\000n\000t\000s\000\050\000\051}{subsection.4.4.3}% 40
\BOOKMARK [1][-]{section.4.5}{\376\377\0004\000.\0005\000\040\000u\000d\000i\000t\000:\000:\000L\000i\000g\000h\000t\000\040\000C\000l\000a\000s\000s\000\040\000R\000e\000f\000e\000r\000e\000n\000c\000e}{chapter.4}% 41
\BOOKMARK [2][-]{subsection.4.5.1}{\376\377\0004\000.\0005\000.\0001\000\040\000D\000e\000t\000a\000i\000l\000e\000d\000\040\000D\000e\000s\000c\000r\000i\000p\000t\000i\000o\000n}{section.4.5}% 42
\BOOKMARK [2][-]{subsection.4.5.2}{\376\377\0004\000.\0005\000.\0002\000\040\000C\000o\000n\000s\000t\000r\000u\000c\000t\000o\000r\000\040\000\046\000\040\000D\000e\000s\000t\000r\000u\000c\000t\000o\000r\000\040\000D\000o\000c\000u\000m\000e\000n\000t\000a\000t\000i\000o\000n}{section.4.5}% 43
\BOOKMARK [3][-]{subsubsection.4.5.2.1}{\376\377\0004\000.\0005\000.\0002\000.\0001\000\040\000L\000i\000g\000h\000t\000\050\000\051}{subsection.4.5.2}% 44
\BOOKMARK [2][-]{subsection.4.5.3}{\376\377\0004\000.\0005\000.\0003\000\040\000M\000e\000m\000b\000e\000r\000\040\000F\000u\000n\000c\000t\000i\000o\000n\000\040\000D\000o\000c\000u\000m\000e\000n\000t\000a\000t\000i\000o\000n}{section.4.5}% 45
\BOOKMARK [3][-]{subsubsection.4.5.3.1}{\376\377\0004\000.\0005\000.\0003\000.\0001\000\040\000m\000a\000k\000e\000\137\000l\000i\000g\000h\000t\000\050\000\051}{subsection.4.5.3}% 46
\BOOKMARK [3][-]{subsubsection.4.5.3.2}{\376\377\0004\000.\0005\000.\0003\000.\0002\000\040\000s\000e\000n\000d\000\137\000t\000o\000\137\000s\000h\000a\000d\000e\000r\000\050\000\051}{subsection.4.5.3}% 47
\BOOKMARK [1][-]{section.4.6}{\376\377\0004\000.\0006\000\040\000M\000e\000s\000h\000\040\000C\000l\000a\000s\000s\000\040\000R\000e\000f\000e\000r\000e\000n\000c\000e}{chapter.4}% 48
\BOOKMARK [2][-]{subsection.4.6.1}{\376\377\0004\000.\0006\000.\0001\000\040\000D\000e\000t\000a\000i\000l\000e\000d\000\040\000D\000e\000s\000c\000r\000i\000p\000t\000i\000o\000n}{section.4.6}% 49
\BOOKMARK [2][-]{subsection.4.6.2}{\376\377\0004\000.\0006\000.\0002\000\040\000C\000o\000n\000s\000t\000r\000u\000c\000t\000o\000r\000\040\000\046\000\040\000D\000e\000s\000t\000r\000u\000c\000t\000o\000r\000\040\000D\000o\000c\000u\000m\000e\000n\000t\000a\000t\000i\000o\000n}{section.4.6}% 50
\BOOKMARK [3][-]{subsubsection.4.6.2.1}{\376\377\0004\000.\0006\000.\0002\000.\0001\000\040\000M\000e\000s\000h\000\050\000\051}{subsection.4.6.2}% 51
\BOOKMARK [3][-]{subsubsection.4.6.2.2}{\376\377\0004\000.\0006\000.\0002\000.\0002\000\040\000~\000M\000e\000s\000h\000\050\000\051}{subsection.4.6.2}% 52
\BOOKMARK [2][-]{subsection.4.6.3}{\376\377\0004\000.\0006\000.\0003\000\040\000M\000e\000m\000b\000e\000r\000\040\000F\000u\000n\000c\000t\000i\000o\000n\000\040\000D\000o\000c\000u\000m\000e\000n\000t\000a\000t\000i\000o\000n}{section.4.6}% 53
\BOOKMARK [3][-]{subsubsection.4.6.3.1}{\376\377\0004\000.\0006\000.\0003\000.\0001\000\040\000c\000r\000e\000a\000t\000e\000\137\000m\000e\000s\000h\000\050\000\051}{subsection.4.6.3}% 54
\BOOKMARK [3][-]{subsubsection.4.6.3.2}{\376\377\0004\000.\0006\000.\0003\000.\0002\000\040\000g\000e\000t\000\137\000m\000o\000d\000e\000l\000\137\000v\000i\000e\000w\000\137\000m\000a\000t\000r\000i\000x\000\050\000\051}{subsection.4.6.3}% 55
\BOOKMARK [3][-]{subsubsection.4.6.3.3}{\376\377\0004\000.\0006\000.\0003\000.\0003\000\040\000g\000e\000t\000\137\000s\000h\000a\000d\000e\000r\000\137\000m\000a\000t\000r\000i\000x\000\137\000i\000d\000s\000\050\000\051}{subsection.4.6.3}% 56
\BOOKMARK [3][-]{subsubsection.4.6.3.4}{\376\377\0004\000.\0006\000.\0003\000.\0004\000\040\000g\000e\000t\000\137\000s\000h\000a\000d\000e\000r\000\137\000p\000r\000o\000g\000r\000a\000m\000\137\000i\000d\000\050\000\051}{subsection.4.6.3}% 57
\BOOKMARK [3][-]{subsubsection.4.6.3.5}{\376\377\0004\000.\0006\000.\0003\000.\0005\000\040\000m\000a\000k\000e\000\137\000m\000e\000s\000h\000\050\000\051}{subsection.4.6.3}% 58
\BOOKMARK [3][-]{subsubsection.4.6.3.6}{\376\377\0004\000.\0006\000.\0003\000.\0006\000\040\000o\000r\000b\000i\000t\000\050\000\051}{subsection.4.6.3}% 59
\BOOKMARK [3][-]{subsubsection.4.6.3.7}{\376\377\0004\000.\0006\000.\0003\000.\0007\000\040\000r\000e\000n\000d\000e\000r\000\050\000\051}{subsection.4.6.3}% 60
\BOOKMARK [3][-]{subsubsection.4.6.3.8}{\376\377\0004\000.\0006\000.\0003\000.\0008\000\040\000r\000e\000s\000i\000z\000e\000\050\000\051}{subsection.4.6.3}% 61
\BOOKMARK [3][-]{subsubsection.4.6.3.9}{\376\377\0004\000.\0006\000.\0003\000.\0009\000\040\000r\000o\000t\000a\000t\000e\000\050\000\051}{subsection.4.6.3}% 62
\BOOKMARK [3][-]{subsubsection.4.6.3.10}{\376\377\0004\000.\0006\000.\0003\000.\0001\0000\000\040\000s\000c\000a\000l\000e\000\050\000\051}{subsection.4.6.3}% 63
\BOOKMARK [3][-]{subsubsection.4.6.3.11}{\376\377\0004\000.\0006\000.\0003\000.\0001\0001\000\040\000s\000e\000t\000\137\000m\000e\000s\000h\000\137\000t\000y\000p\000e\000\050\000\051}{subsection.4.6.3}% 64
\BOOKMARK [3][-]{subsubsection.4.6.3.12}{\376\377\0004\000.\0006\000.\0003\000.\0001\0002\000\040\000s\000e\000t\000\137\000m\000o\000d\000e\000l\000\137\000v\000i\000e\000w\000\137\000m\000a\000t\000r\000i\000x\000\050\000\051}{subsection.4.6.3}% 65
\BOOKMARK [3][-]{subsubsection.4.6.3.13}{\376\377\0004\000.\0006\000.\0003\000.\0001\0003\000\040\000s\000e\000t\000\137\000s\000h\000a\000d\000e\000r\000\050\000\051}{subsection.4.6.3}% 66
\BOOKMARK [3][-]{subsubsection.4.6.3.14}{\376\377\0004\000.\0006\000.\0003\000.\0001\0004\000\040\000t\000r\000a\000n\000s\000l\000a\000t\000e\000\050\000\051}{subsection.4.6.3}% 67
\BOOKMARK [3][-]{subsubsection.4.6.3.15}{\376\377\0004\000.\0006\000.\0003\000.\0001\0005\000\040\000u\000p\000d\000a\000t\000e\000\050\000\051}{subsection.4.6.3}% 68
\BOOKMARK [1][-]{section.4.7}{\376\377\0004\000.\0007\000\040\000u\000d\000i\000t\000:\000:\000M\000e\000s\000h\000\040\000C\000l\000a\000s\000s\000\040\000R\000e\000f\000e\000r\000e\000n\000c\000e}{chapter.4}% 69
\BOOKMARK [2][-]{subsection.4.7.1}{\376\377\0004\000.\0007\000.\0001\000\040\000D\000e\000t\000a\000i\000l\000e\000d\000\040\000D\000e\000s\000c\000r\000i\000p\000t\000i\000o\000n}{section.4.7}% 70
\BOOKMARK [2][-]{subsection.4.7.2}{\376\377\0004\000.\0007\000.\0002\000\040\000C\000o\000n\000s\000t\000r\000u\000c\000t\000o\000r\000\040\000\046\000\040\000D\000e\000s\000t\000r\000u\000c\000t\000o\000r\000\040\000D\000o\000c\000u\000m\000e\000n\000t\000a\000t\000i\000o\000n}{section.4.7}% 71
\BOOKMARK [3][-]{subsubsection.4.7.2.1}{\376\377\0004\000.\0007\000.\0002\000.\0001\000\040\000M\000e\000s\000h\000\050\000\051}{subsection.4.7.2}% 72
\BOOKMARK [3][-]{subsubsection.4.7.2.2}{\376\377\0004\000.\0007\000.\0002\000.\0002\000\040\000~\000M\000e\000s\000h\000\050\000\051}{subsection.4.7.2}% 73
\BOOKMARK [2][-]{subsection.4.7.3}{\376\377\0004\000.\0007\000.\0003\000\040\000M\000e\000m\000b\000e\000r\000\040\000F\000u\000n\000c\000t\000i\000o\000n\000\040\000D\000o\000c\000u\000m\000e\000n\000t\000a\000t\000i\000o\000n}{section.4.7}% 74
\BOOKMARK [3][-]{subsubsection.4.7.3.1}{\376\377\0004\000.\0007\000.\0003\000.\0001\000\040\000c\000r\000e\000a\000t\000e\000\137\000m\000e\000s\000h\000\050\000\051}{subsection.4.7.3}% 75
\BOOKMARK [3][-]{subsubsection.4.7.3.2}{\376\377\0004\000.\0007\000.\0003\000.\0002\000\040\000g\000e\000t\000\137\000m\000o\000d\000e\000l\000\137\000v\000i\000e\000w\000\137\000m\000a\000t\000r\000i\000x\000\050\000\051}{subsection.4.7.3}% 76
\BOOKMARK [3][-]{subsubsection.4.7.3.3}{\376\377\0004\000.\0007\000.\0003\000.\0003\000\040\000g\000e\000t\000\137\000s\000h\000a\000d\000e\000r\000\137\000m\000a\000t\000r\000i\000x\000\137\000i\000d\000s\000\050\000\051}{subsection.4.7.3}% 77
\BOOKMARK [3][-]{subsubsection.4.7.3.4}{\376\377\0004\000.\0007\000.\0003\000.\0004\000\040\000g\000e\000t\000\137\000s\000h\000a\000d\000e\000r\000\137\000p\000r\000o\000g\000r\000a\000m\000\137\000i\000d\000\050\000\051}{subsection.4.7.3}% 78
\BOOKMARK [3][-]{subsubsection.4.7.3.5}{\376\377\0004\000.\0007\000.\0003\000.\0005\000\040\000m\000a\000k\000e\000\137\000m\000e\000s\000h\000\050\000\051}{subsection.4.7.3}% 79
\BOOKMARK [3][-]{subsubsection.4.7.3.6}{\376\377\0004\000.\0007\000.\0003\000.\0006\000\040\000o\000r\000b\000i\000t\000\050\000\051}{subsection.4.7.3}% 80
\BOOKMARK [3][-]{subsubsection.4.7.3.7}{\376\377\0004\000.\0007\000.\0003\000.\0007\000\040\000r\000e\000n\000d\000e\000r\000\050\000\051}{subsection.4.7.3}% 81
\BOOKMARK [3][-]{subsubsection.4.7.3.8}{\376\377\0004\000.\0007\000.\0003\000.\0008\000\040\000r\000e\000s\000i\000z\000e\000\050\000\051}{subsection.4.7.3}% 82
\BOOKMARK [3][-]{subsubsection.4.7.3.9}{\376\377\0004\000.\0007\000.\0003\000.\0009\000\040\000r\000o\000t\000a\000t\000e\000\050\000\051}{subsection.4.7.3}% 83
\BOOKMARK [3][-]{subsubsection.4.7.3.10}{\376\377\0004\000.\0007\000.\0003\000.\0001\0000\000\040\000s\000c\000a\000l\000e\000\050\000\051}{subsection.4.7.3}% 84
\BOOKMARK [3][-]{subsubsection.4.7.3.11}{\376\377\0004\000.\0007\000.\0003\000.\0001\0001\000\040\000s\000e\000t\000\137\000m\000e\000s\000h\000\137\000t\000y\000p\000e\000\050\000\051}{subsection.4.7.3}% 85
\BOOKMARK [3][-]{subsubsection.4.7.3.12}{\376\377\0004\000.\0007\000.\0003\000.\0001\0002\000\040\000s\000e\000t\000\137\000m\000o\000d\000e\000l\000\137\000v\000i\000e\000w\000\137\000m\000a\000t\000r\000i\000x\000\050\000\051}{subsection.4.7.3}% 86
\BOOKMARK [3][-]{subsubsection.4.7.3.13}{\376\377\0004\000.\0007\000.\0003\000.\0001\0003\000\040\000s\000e\000t\000\137\000s\000h\000a\000d\000e\000r\000\050\000\051}{subsection.4.7.3}% 87
\BOOKMARK [3][-]{subsubsection.4.7.3.14}{\376\377\0004\000.\0007\000.\0003\000.\0001\0004\000\040\000t\000r\000a\000n\000s\000l\000a\000t\000e\000\050\000\051}{subsection.4.7.3}% 88
\BOOKMARK [3][-]{subsubsection.4.7.3.15}{\376\377\0004\000.\0007\000.\0003\000.\0001\0005\000\040\000u\000p\000d\000a\000t\000e\000\050\000\051}{subsection.4.7.3}% 89
\BOOKMARK [1][-]{section.4.8}{\376\377\0004\000.\0008\000\040\000u\000d\000i\000t\000:\000:\000W\000i\000n\000d\000o\000w\000:\000:\000O\000p\000e\000n\000G\000L\000\137\000C\000o\000n\000t\000e\000x\000t\000\137\000S\000e\000t\000t\000i\000n\000g\000s\000\040\000S\000t\000r\000u\000c\000t\000\040\000R\000e\000f\000e\000r\000e\000n\000c\000e}{chapter.4}% 90
\BOOKMARK [1][-]{section.4.9}{\376\377\0004\000.\0009\000\040\000W\000i\000n\000d\000o\000w\000:\000:\000O\000p\000e\000n\000G\000L\000\137\000C\000o\000n\000t\000e\000x\000t\000\137\000S\000e\000t\000t\000i\000n\000g\000s\000\040\000S\000t\000r\000u\000c\000t\000\040\000R\000e\000f\000e\000r\000e\000n\000c\000e}{chapter.4}% 91
\BOOKMARK [1][-]{section.4.10}{\376\377\0004\000.\0001\0000\000\040\000P\000l\000a\000n\000e\000\040\000C\000l\000a\000s\000s\000\040\000R\000e\000f\000e\000r\000e\000n\000c\000e}{chapter.4}% 92
\BOOKMARK [2][-]{subsection.4.10.1}{\376\377\0004\000.\0001\0000\000.\0001\000\040\000D\000e\000t\000a\000i\000l\000e\000d\000\040\000D\000e\000s\000c\000r\000i\000p\000t\000i\000o\000n}{section.4.10}% 93
\BOOKMARK [2][-]{subsection.4.10.2}{\376\377\0004\000.\0001\0000\000.\0002\000\040\000C\000o\000n\000s\000t\000r\000u\000c\000t\000o\000r\000\040\000\046\000\040\000D\000e\000s\000t\000r\000u\000c\000t\000o\000r\000\040\000D\000o\000c\000u\000m\000e\000n\000t\000a\000t\000i\000o\000n}{section.4.10}% 94
\BOOKMARK [3][-]{subsubsection.4.10.2.1}{\376\377\0004\000.\0001\0000\000.\0002\000.\0001\000\040\000P\000l\000a\000n\000e\000\050\000\051\000\040\000[\0001\000/\0003\000]}{subsection.4.10.2}% 95
\BOOKMARK [3][-]{subsubsection.4.10.2.2}{\376\377\0004\000.\0001\0000\000.\0002\000.\0002\000\040\000P\000l\000a\000n\000e\000\050\000\051\000\040\000[\0002\000/\0003\000]}{subsection.4.10.2}% 96
\BOOKMARK [3][-]{subsubsection.4.10.2.3}{\376\377\0004\000.\0001\0000\000.\0002\000.\0003\000\040\000P\000l\000a\000n\000e\000\050\000\051\000\040\000[\0003\000/\0003\000]}{subsection.4.10.2}% 97
\BOOKMARK [1][-]{section.4.11}{\376\377\0004\000.\0001\0001\000\040\000u\000d\000i\000t\000:\000:\000P\000l\000a\000n\000e\000\040\000C\000l\000a\000s\000s\000\040\000R\000e\000f\000e\000r\000e\000n\000c\000e}{chapter.4}% 98
\BOOKMARK [2][-]{subsection.4.11.1}{\376\377\0004\000.\0001\0001\000.\0001\000\040\000D\000e\000t\000a\000i\000l\000e\000d\000\040\000D\000e\000s\000c\000r\000i\000p\000t\000i\000o\000n}{section.4.11}% 99
\BOOKMARK [2][-]{subsection.4.11.2}{\376\377\0004\000.\0001\0001\000.\0002\000\040\000C\000o\000n\000s\000t\000r\000u\000c\000t\000o\000r\000\040\000\046\000\040\000D\000e\000s\000t\000r\000u\000c\000t\000o\000r\000\040\000D\000o\000c\000u\000m\000e\000n\000t\000a\000t\000i\000o\000n}{section.4.11}% 100
\BOOKMARK [3][-]{subsubsection.4.11.2.1}{\376\377\0004\000.\0001\0001\000.\0002\000.\0001\000\040\000P\000l\000a\000n\000e\000\050\000\051\000\040\000[\0001\000/\0003\000]}{subsection.4.11.2}% 101
\BOOKMARK [3][-]{subsubsection.4.11.2.2}{\376\377\0004\000.\0001\0001\000.\0002\000.\0002\000\040\000P\000l\000a\000n\000e\000\050\000\051\000\040\000[\0002\000/\0003\000]}{subsection.4.11.2}% 102
\BOOKMARK [3][-]{subsubsection.4.11.2.3}{\376\377\0004\000.\0001\0001\000.\0002\000.\0003\000\040\000P\000l\000a\000n\000e\000\050\000\051\000\040\000[\0003\000/\0003\000]}{subsection.4.11.2}% 103
\BOOKMARK [1][-]{section.4.12}{\376\377\0004\000.\0001\0002\000\040\000S\000c\000e\000n\000e\000\040\000C\000l\000a\000s\000s\000\040\000R\000e\000f\000e\000r\000e\000n\000c\000e}{chapter.4}% 104
\BOOKMARK [2][-]{subsection.4.12.1}{\376\377\0004\000.\0001\0002\000.\0001\000\040\000D\000e\000t\000a\000i\000l\000e\000d\000\040\000D\000e\000s\000c\000r\000i\000p\000t\000i\000o\000n}{section.4.12}% 105
\BOOKMARK [2][-]{subsection.4.12.2}{\376\377\0004\000.\0001\0002\000.\0002\000\040\000C\000o\000n\000s\000t\000r\000u\000c\000t\000o\000r\000\040\000\046\000\040\000D\000e\000s\000t\000r\000u\000c\000t\000o\000r\000\040\000D\000o\000c\000u\000m\000e\000n\000t\000a\000t\000i\000o\000n}{section.4.12}% 106
\BOOKMARK [3][-]{subsubsection.4.12.2.1}{\376\377\0004\000.\0001\0002\000.\0002\000.\0001\000\040\000S\000c\000e\000n\000e\000\050\000\051}{subsection.4.12.2}% 107
\BOOKMARK [2][-]{subsection.4.12.3}{\376\377\0004\000.\0001\0002\000.\0003\000\040\000M\000e\000m\000b\000e\000r\000\040\000F\000u\000n\000c\000t\000i\000o\000n\000\040\000D\000o\000c\000u\000m\000e\000n\000t\000a\000t\000i\000o\000n}{section.4.12}% 108
\BOOKMARK [3][-]{subsubsection.4.12.3.1}{\376\377\0004\000.\0001\0002\000.\0003\000.\0001\000\040\000r\000e\000n\000d\000e\000r\000\050\000\051}{subsection.4.12.3}% 109
\BOOKMARK [3][-]{subsubsection.4.12.3.2}{\376\377\0004\000.\0001\0002\000.\0003\000.\0002\000\040\000r\000e\000s\000i\000z\000e\000\050\000\051}{subsection.4.12.3}% 110
\BOOKMARK [3][-]{subsubsection.4.12.3.3}{\376\377\0004\000.\0001\0002\000.\0003\000.\0003\000\040\000s\000e\000t\000\137\000l\000i\000g\000h\000t\000s\000\050\000\051}{subsection.4.12.3}% 111
\BOOKMARK [3][-]{subsubsection.4.12.3.4}{\376\377\0004\000.\0001\0002\000.\0003\000.\0004\000\040\000s\000e\000t\000\137\000p\000r\000o\000j\000e\000c\000t\000i\000o\000n\000\137\000m\000a\000t\000r\000i\000x\000\050\000\051}{subsection.4.12.3}% 112
\BOOKMARK [3][-]{subsubsection.4.12.3.5}{\376\377\0004\000.\0001\0002\000.\0003\000.\0005\000\040\000s\000e\000t\000\137\000v\000i\000e\000w\000\137\000m\000a\000t\000r\000i\000x\000\050\000\051}{subsection.4.12.3}% 113
\BOOKMARK [3][-]{subsubsection.4.12.3.6}{\376\377\0004\000.\0001\0002\000.\0003\000.\0006\000\040\000u\000p\000d\000a\000t\000e\000\050\000\051}{subsection.4.12.3}% 114
\BOOKMARK [1][-]{section.4.13}{\376\377\0004\000.\0001\0003\000\040\000u\000d\000i\000t\000:\000:\000S\000c\000e\000n\000e\000\040\000C\000l\000a\000s\000s\000\040\000R\000e\000f\000e\000r\000e\000n\000c\000e}{chapter.4}% 115
\BOOKMARK [2][-]{subsection.4.13.1}{\376\377\0004\000.\0001\0003\000.\0001\000\040\000D\000e\000t\000a\000i\000l\000e\000d\000\040\000D\000e\000s\000c\000r\000i\000p\000t\000i\000o\000n}{section.4.13}% 116
\BOOKMARK [2][-]{subsection.4.13.2}{\376\377\0004\000.\0001\0003\000.\0002\000\040\000C\000o\000n\000s\000t\000r\000u\000c\000t\000o\000r\000\040\000\046\000\040\000D\000e\000s\000t\000r\000u\000c\000t\000o\000r\000\040\000D\000o\000c\000u\000m\000e\000n\000t\000a\000t\000i\000o\000n}{section.4.13}% 117
\BOOKMARK [3][-]{subsubsection.4.13.2.1}{\376\377\0004\000.\0001\0003\000.\0002\000.\0001\000\040\000S\000c\000e\000n\000e\000\050\000\051}{subsection.4.13.2}% 118
\BOOKMARK [2][-]{subsection.4.13.3}{\376\377\0004\000.\0001\0003\000.\0003\000\040\000M\000e\000m\000b\000e\000r\000\040\000F\000u\000n\000c\000t\000i\000o\000n\000\040\000D\000o\000c\000u\000m\000e\000n\000t\000a\000t\000i\000o\000n}{section.4.13}% 119
\BOOKMARK [3][-]{subsubsection.4.13.3.1}{\376\377\0004\000.\0001\0003\000.\0003\000.\0001\000\040\000r\000e\000n\000d\000e\000r\000\050\000\051}{subsection.4.13.3}% 120
\BOOKMARK [3][-]{subsubsection.4.13.3.2}{\376\377\0004\000.\0001\0003\000.\0003\000.\0002\000\040\000r\000e\000s\000i\000z\000e\000\050\000\051}{subsection.4.13.3}% 121
\BOOKMARK [3][-]{subsubsection.4.13.3.3}{\376\377\0004\000.\0001\0003\000.\0003\000.\0003\000\040\000s\000e\000t\000\137\000l\000i\000g\000h\000t\000s\000\050\000\051}{subsection.4.13.3}% 122
\BOOKMARK [3][-]{subsubsection.4.13.3.4}{\376\377\0004\000.\0001\0003\000.\0003\000.\0004\000\040\000s\000e\000t\000\137\000p\000r\000o\000j\000e\000c\000t\000i\000o\000n\000\137\000m\000a\000t\000r\000i\000x\000\050\000\051}{subsection.4.13.3}% 123
\BOOKMARK [3][-]{subsubsection.4.13.3.5}{\376\377\0004\000.\0001\0003\000.\0003\000.\0005\000\040\000s\000e\000t\000\137\000v\000i\000e\000w\000\137\000m\000a\000t\000r\000i\000x\000\050\000\051}{subsection.4.13.3}% 124
\BOOKMARK [3][-]{subsubsection.4.13.3.6}{\376\377\0004\000.\0001\0003\000.\0003\000.\0006\000\040\000u\000p\000d\000a\000t\000e\000\050\000\051}{subsection.4.13.3}% 125
\BOOKMARK [1][-]{section.4.14}{\376\377\0004\000.\0001\0004\000\040\000S\000h\000a\000d\000e\000r\000\040\000C\000l\000a\000s\000s\000\040\000R\000e\000f\000e\000r\000e\000n\000c\000e}{chapter.4}% 126
\BOOKMARK [2][-]{subsection.4.14.1}{\376\377\0004\000.\0001\0004\000.\0001\000\040\000D\000e\000t\000a\000i\000l\000e\000d\000\040\000D\000e\000s\000c\000r\000i\000p\000t\000i\000o\000n}{section.4.14}% 127
\BOOKMARK [2][-]{subsection.4.14.2}{\376\377\0004\000.\0001\0004\000.\0002\000\040\000C\000o\000n\000s\000t\000r\000u\000c\000t\000o\000r\000\040\000\046\000\040\000D\000e\000s\000t\000r\000u\000c\000t\000o\000r\000\040\000D\000o\000c\000u\000m\000e\000n\000t\000a\000t\000i\000o\000n}{section.4.14}% 128
\BOOKMARK [3][-]{subsubsection.4.14.2.1}{\376\377\0004\000.\0001\0004\000.\0002\000.\0001\000\040\000S\000h\000a\000d\000e\000r\000\050\000\051\000\040\000[\0001\000/\0002\000]}{subsection.4.14.2}% 129
\BOOKMARK [3][-]{subsubsection.4.14.2.2}{\376\377\0004\000.\0001\0004\000.\0002\000.\0002\000\040\000S\000h\000a\000d\000e\000r\000\050\000\051\000\040\000[\0002\000/\0002\000]}{subsection.4.14.2}% 130
\BOOKMARK [3][-]{subsubsection.4.14.2.3}{\376\377\0004\000.\0001\0004\000.\0002\000.\0003\000\040\000~\000S\000h\000a\000d\000e\000r\000\050\000\051}{subsection.4.14.2}% 131
\BOOKMARK [2][-]{subsection.4.14.3}{\376\377\0004\000.\0001\0004\000.\0003\000\040\000M\000e\000m\000b\000e\000r\000\040\000F\000u\000n\000c\000t\000i\000o\000n\000\040\000D\000o\000c\000u\000m\000e\000n\000t\000a\000t\000i\000o\000n}{section.4.14}% 132
\BOOKMARK [3][-]{subsubsection.4.14.3.1}{\376\377\0004\000.\0001\0004\000.\0003\000.\0001\000\040\000c\000o\000m\000p\000i\000l\000e\000\137\000s\000h\000a\000d\000e\000r\000s\000\050\000\051}{subsection.4.14.3}% 133
\BOOKMARK [3][-]{subsubsection.4.14.3.2}{\376\377\0004\000.\0001\0004\000.\0003\000.\0002\000\040\000g\000e\000t\000\137\000m\000o\000d\000e\000l\000\137\000v\000i\000e\000w\000\137\000m\000a\000t\000r\000i\000x\000\137\000i\000d\000\050\000\051}{subsection.4.14.3}% 134
\BOOKMARK [3][-]{subsubsection.4.14.3.3}{\376\377\0004\000.\0001\0004\000.\0003\000.\0003\000\040\000g\000e\000t\000\137\000n\000a\000m\000e\000\050\000\051}{subsection.4.14.3}% 135
\BOOKMARK [3][-]{subsubsection.4.14.3.4}{\376\377\0004\000.\0001\0004\000.\0003\000.\0004\000\040\000g\000e\000t\000\137\000n\000o\000r\000m\000a\000l\000\137\000m\000a\000t\000r\000i\000x\000\137\000i\000d\000\050\000\051}{subsection.4.14.3}% 136
\BOOKMARK [3][-]{subsubsection.4.14.3.5}{\376\377\0004\000.\0001\0004\000.\0003\000.\0005\000\040\000g\000e\000t\000\137\000p\000r\000o\000g\000r\000a\000m\000\137\000i\000d\000\050\000\051}{subsection.4.14.3}% 137
\BOOKMARK [3][-]{subsubsection.4.14.3.6}{\376\377\0004\000.\0001\0004\000.\0003\000.\0006\000\040\000g\000e\000t\000\137\000p\000r\000o\000j\000e\000c\000t\000i\000o\000n\000\137\000m\000a\000t\000r\000i\000x\000\137\000i\000d\000\050\000\051}{subsection.4.14.3}% 138
\BOOKMARK [3][-]{subsubsection.4.14.3.7}{\376\377\0004\000.\0001\0004\000.\0003\000.\0007\000\040\000h\000a\000s\000\137\000t\000e\000x\000t\000u\000r\000e\000s\000\050\000\051}{subsection.4.14.3}% 139
\BOOKMARK [3][-]{subsubsection.4.14.3.8}{\376\377\0004\000.\0001\0004\000.\0003\000.\0008\000\040\000m\000a\000k\000e\000\137\000s\000h\000a\000d\000e\000r\000\050\000\051}{subsection.4.14.3}% 140
\BOOKMARK [3][-]{subsubsection.4.14.3.9}{\376\377\0004\000.\0001\0004\000.\0003\000.\0009\000\040\000s\000e\000t\000\137\000n\000a\000m\000e\000\050\000\051}{subsection.4.14.3}% 141
\BOOKMARK [3][-]{subsubsection.4.14.3.10}{\376\377\0004\000.\0001\0004\000.\0003\000.\0001\0000\000\040\000s\000e\000t\000\137\000t\000e\000x\000t\000u\000r\000e\000\050\000\051}{subsection.4.14.3}% 142
\BOOKMARK [3][-]{subsubsection.4.14.3.11}{\376\377\0004\000.\0001\0004\000.\0003\000.\0001\0001\000\040\000s\000e\000t\000\137\000t\000e\000x\000t\000u\000r\000e\000\137\000s\000c\000a\000l\000e\000\050\000\051}{subsection.4.14.3}% 143
\BOOKMARK [3][-]{subsubsection.4.14.3.12}{\376\377\0004\000.\0001\0004\000.\0003\000.\0001\0002\000\040\000u\000s\000e\000\050\000\051}{subsection.4.14.3}% 144
\BOOKMARK [1][-]{section.4.15}{\376\377\0004\000.\0001\0005\000\040\000u\000d\000i\000t\000:\000:\000S\000h\000a\000d\000e\000r\000\040\000C\000l\000a\000s\000s\000\040\000R\000e\000f\000e\000r\000e\000n\000c\000e}{chapter.4}% 145
\BOOKMARK [2][-]{subsection.4.15.1}{\376\377\0004\000.\0001\0005\000.\0001\000\040\000D\000e\000t\000a\000i\000l\000e\000d\000\040\000D\000e\000s\000c\000r\000i\000p\000t\000i\000o\000n}{section.4.15}% 146
\BOOKMARK [2][-]{subsection.4.15.2}{\376\377\0004\000.\0001\0005\000.\0002\000\040\000C\000o\000n\000s\000t\000r\000u\000c\000t\000o\000r\000\040\000\046\000\040\000D\000e\000s\000t\000r\000u\000c\000t\000o\000r\000\040\000D\000o\000c\000u\000m\000e\000n\000t\000a\000t\000i\000o\000n}{section.4.15}% 147
\BOOKMARK [3][-]{subsubsection.4.15.2.1}{\376\377\0004\000.\0001\0005\000.\0002\000.\0001\000\040\000S\000h\000a\000d\000e\000r\000\050\000\051\000\040\000[\0001\000/\0002\000]}{subsection.4.15.2}% 148
\BOOKMARK [3][-]{subsubsection.4.15.2.2}{\376\377\0004\000.\0001\0005\000.\0002\000.\0002\000\040\000S\000h\000a\000d\000e\000r\000\050\000\051\000\040\000[\0002\000/\0002\000]}{subsection.4.15.2}% 149
\BOOKMARK [3][-]{subsubsection.4.15.2.3}{\376\377\0004\000.\0001\0005\000.\0002\000.\0003\000\040\000~\000S\000h\000a\000d\000e\000r\000\050\000\051}{subsection.4.15.2}% 150
\BOOKMARK [2][-]{subsection.4.15.3}{\376\377\0004\000.\0001\0005\000.\0003\000\040\000M\000e\000m\000b\000e\000r\000\040\000F\000u\000n\000c\000t\000i\000o\000n\000\040\000D\000o\000c\000u\000m\000e\000n\000t\000a\000t\000i\000o\000n}{section.4.15}% 151
\BOOKMARK [3][-]{subsubsection.4.15.3.1}{\376\377\0004\000.\0001\0005\000.\0003\000.\0001\000\040\000c\000o\000m\000p\000i\000l\000e\000\137\000s\000h\000a\000d\000e\000r\000s\000\050\000\051}{subsection.4.15.3}% 152
\BOOKMARK [3][-]{subsubsection.4.15.3.2}{\376\377\0004\000.\0001\0005\000.\0003\000.\0002\000\040\000g\000e\000t\000\137\000m\000o\000d\000e\000l\000\137\000v\000i\000e\000w\000\137\000m\000a\000t\000r\000i\000x\000\137\000i\000d\000\050\000\051}{subsection.4.15.3}% 153
\BOOKMARK [3][-]{subsubsection.4.15.3.3}{\376\377\0004\000.\0001\0005\000.\0003\000.\0003\000\040\000g\000e\000t\000\137\000n\000a\000m\000e\000\050\000\051}{subsection.4.15.3}% 154
\BOOKMARK [3][-]{subsubsection.4.15.3.4}{\376\377\0004\000.\0001\0005\000.\0003\000.\0004\000\040\000g\000e\000t\000\137\000n\000o\000r\000m\000a\000l\000\137\000m\000a\000t\000r\000i\000x\000\137\000i\000d\000\050\000\051}{subsection.4.15.3}% 155
\BOOKMARK [3][-]{subsubsection.4.15.3.5}{\376\377\0004\000.\0001\0005\000.\0003\000.\0005\000\040\000g\000e\000t\000\137\000p\000r\000o\000g\000r\000a\000m\000\137\000i\000d\000\050\000\051}{subsection.4.15.3}% 156
\BOOKMARK [3][-]{subsubsection.4.15.3.6}{\376\377\0004\000.\0001\0005\000.\0003\000.\0006\000\040\000g\000e\000t\000\137\000p\000r\000o\000j\000e\000c\000t\000i\000o\000n\000\137\000m\000a\000t\000r\000i\000x\000\137\000i\000d\000\050\000\051}{subsection.4.15.3}% 157
\BOOKMARK [3][-]{subsubsection.4.15.3.7}{\376\377\0004\000.\0001\0005\000.\0003\000.\0007\000\040\000h\000a\000s\000\137\000t\000e\000x\000t\000u\000r\000e\000s\000\050\000\051}{subsection.4.15.3}% 158
\BOOKMARK [3][-]{subsubsection.4.15.3.8}{\376\377\0004\000.\0001\0005\000.\0003\000.\0008\000\040\000m\000a\000k\000e\000\137\000s\000h\000a\000d\000e\000r\000\050\000\051}{subsection.4.15.3}% 159
\BOOKMARK [3][-]{subsubsection.4.15.3.9}{\376\377\0004\000.\0001\0005\000.\0003\000.\0009\000\040\000s\000e\000t\000\137\000n\000a\000m\000e\000\050\000\051}{subsection.4.15.3}% 160
\BOOKMARK [3][-]{subsubsection.4.15.3.10}{\376\377\0004\000.\0001\0005\000.\0003\000.\0001\0000\000\040\000s\000e\000t\000\137\000t\000e\000x\000t\000u\000r\000e\000\050\000\051}{subsection.4.15.3}% 161
\BOOKMARK [3][-]{subsubsection.4.15.3.11}{\376\377\0004\000.\0001\0005\000.\0003\000.\0001\0001\000\040\000s\000e\000t\000\137\000t\000e\000x\000t\000u\000r\000e\000\137\000s\000c\000a\000l\000e\000\050\000\051}{subsection.4.15.3}% 162
\BOOKMARK [3][-]{subsubsection.4.15.3.12}{\376\377\0004\000.\0001\0005\000.\0003\000.\0001\0002\000\040\000u\000s\000e\000\050\000\051}{subsection.4.15.3}% 163
\BOOKMARK [1][-]{section.4.16}{\376\377\0004\000.\0001\0006\000\040\000S\000k\000y\000b\000o\000x\000\040\000C\000l\000a\000s\000s\000\040\000R\000e\000f\000e\000r\000e\000n\000c\000e}{chapter.4}% 164
\BOOKMARK [2][-]{subsection.4.16.1}{\376\377\0004\000.\0001\0006\000.\0001\000\040\000D\000e\000t\000a\000i\000l\000e\000d\000\040\000D\000e\000s\000c\000r\000i\000p\000t\000i\000o\000n}{section.4.16}% 165
\BOOKMARK [2][-]{subsection.4.16.2}{\376\377\0004\000.\0001\0006\000.\0002\000\040\000C\000o\000n\000s\000t\000r\000u\000c\000t\000o\000r\000\040\000\046\000\040\000D\000e\000s\000t\000r\000u\000c\000t\000o\000r\000\040\000D\000o\000c\000u\000m\000e\000n\000t\000a\000t\000i\000o\000n}{section.4.16}% 166
\BOOKMARK [3][-]{subsubsection.4.16.2.1}{\376\377\0004\000.\0001\0006\000.\0002\000.\0001\000\040\000S\000k\000y\000b\000o\000x\000\050\000\051\000\040\000[\0001\000/\0002\000]}{subsection.4.16.2}% 167
\BOOKMARK [3][-]{subsubsection.4.16.2.2}{\376\377\0004\000.\0001\0006\000.\0002\000.\0002\000\040\000S\000k\000y\000b\000o\000x\000\050\000\051\000\040\000[\0002\000/\0002\000]}{subsection.4.16.2}% 168
\BOOKMARK [2][-]{subsection.4.16.3}{\376\377\0004\000.\0001\0006\000.\0003\000\040\000M\000e\000m\000b\000e\000r\000\040\000F\000u\000n\000c\000t\000i\000o\000n\000\040\000D\000o\000c\000u\000m\000e\000n\000t\000a\000t\000i\000o\000n}{section.4.16}% 169
\BOOKMARK [3][-]{subsubsection.4.16.3.1}{\376\377\0004\000.\0001\0006\000.\0003\000.\0001\000\040\000g\000e\000t\000C\000u\000b\000e\000m\000a\000p\000T\000e\000x\000t\000u\000r\000e\000\050\000\051}{subsection.4.16.3}% 170
\BOOKMARK [1][-]{section.4.17}{\376\377\0004\000.\0001\0007\000\040\000u\000d\000i\000t\000:\000:\000S\000k\000y\000b\000o\000x\000\040\000C\000l\000a\000s\000s\000\040\000R\000e\000f\000e\000r\000e\000n\000c\000e}{chapter.4}% 171
\BOOKMARK [2][-]{subsection.4.17.1}{\376\377\0004\000.\0001\0007\000.\0001\000\040\000D\000e\000t\000a\000i\000l\000e\000d\000\040\000D\000e\000s\000c\000r\000i\000p\000t\000i\000o\000n}{section.4.17}% 172
\BOOKMARK [2][-]{subsection.4.17.2}{\376\377\0004\000.\0001\0007\000.\0002\000\040\000C\000o\000n\000s\000t\000r\000u\000c\000t\000o\000r\000\040\000\046\000\040\000D\000e\000s\000t\000r\000u\000c\000t\000o\000r\000\040\000D\000o\000c\000u\000m\000e\000n\000t\000a\000t\000i\000o\000n}{section.4.17}% 173
\BOOKMARK [3][-]{subsubsection.4.17.2.1}{\376\377\0004\000.\0001\0007\000.\0002\000.\0001\000\040\000S\000k\000y\000b\000o\000x\000\050\000\051\000\040\000[\0001\000/\0002\000]}{subsection.4.17.2}% 174
\BOOKMARK [3][-]{subsubsection.4.17.2.2}{\376\377\0004\000.\0001\0007\000.\0002\000.\0002\000\040\000S\000k\000y\000b\000o\000x\000\050\000\051\000\040\000[\0002\000/\0002\000]}{subsection.4.17.2}% 175
\BOOKMARK [2][-]{subsection.4.17.3}{\376\377\0004\000.\0001\0007\000.\0003\000\040\000M\000e\000m\000b\000e\000r\000\040\000F\000u\000n\000c\000t\000i\000o\000n\000\040\000D\000o\000c\000u\000m\000e\000n\000t\000a\000t\000i\000o\000n}{section.4.17}% 176
\BOOKMARK [3][-]{subsubsection.4.17.3.1}{\376\377\0004\000.\0001\0007\000.\0003\000.\0001\000\040\000g\000e\000t\000C\000u\000b\000e\000m\000a\000p\000T\000e\000x\000t\000u\000r\000e\000\050\000\051}{subsection.4.17.3}% 177
\BOOKMARK [1][-]{section.4.18}{\376\377\0004\000.\0001\0008\000\040\000T\000e\000x\000t\000u\000r\000e\000\040\000C\000l\000a\000s\000s\000\040\000R\000e\000f\000e\000r\000e\000n\000c\000e}{chapter.4}% 178
\BOOKMARK [2][-]{subsection.4.18.1}{\376\377\0004\000.\0001\0008\000.\0001\000\040\000D\000e\000t\000a\000i\000l\000e\000d\000\040\000D\000e\000s\000c\000r\000i\000p\000t\000i\000o\000n}{section.4.18}% 179
\BOOKMARK [2][-]{subsection.4.18.2}{\376\377\0004\000.\0001\0008\000.\0002\000\040\000C\000o\000n\000s\000t\000r\000u\000c\000t\000o\000r\000\040\000\046\000\040\000D\000e\000s\000t\000r\000u\000c\000t\000o\000r\000\040\000D\000o\000c\000u\000m\000e\000n\000t\000a\000t\000i\000o\000n}{section.4.18}% 180
\BOOKMARK [3][-]{subsubsection.4.18.2.1}{\376\377\0004\000.\0001\0008\000.\0002\000.\0001\000\040\000T\000e\000x\000t\000u\000r\000e\000\050\000\051}{subsection.4.18.2}% 181
\BOOKMARK [2][-]{subsection.4.18.3}{\376\377\0004\000.\0001\0008\000.\0003\000\040\000M\000e\000m\000b\000e\000r\000\040\000F\000u\000n\000c\000t\000i\000o\000n\000\040\000D\000o\000c\000u\000m\000e\000n\000t\000a\000t\000i\000o\000n}{section.4.18}% 182
\BOOKMARK [3][-]{subsubsection.4.18.3.1}{\376\377\0004\000.\0001\0008\000.\0003\000.\0001\000\040\000b\000i\000n\000d\000\050\000\051}{subsection.4.18.3}% 183
\BOOKMARK [3][-]{subsubsection.4.18.3.2}{\376\377\0004\000.\0001\0008\000.\0003\000.\0002\000\040\000i\000s\000\137\000l\000o\000a\000d\000e\000d\000\050\000\051}{subsection.4.18.3}% 184
\BOOKMARK [3][-]{subsubsection.4.18.3.3}{\376\377\0004\000.\0001\0008\000.\0003\000.\0003\000\040\000l\000o\000a\000d\000\137\000t\000e\000x\000t\000u\000r\000e\000\050\000\051}{subsection.4.18.3}% 185
\BOOKMARK [3][-]{subsubsection.4.18.3.4}{\376\377\0004\000.\0001\0008\000.\0003\000.\0004\000\040\000s\000e\000t\000\137\000t\000y\000p\000e\000\050\000\051}{subsection.4.18.3}% 186
\BOOKMARK [3][-]{subsubsection.4.18.3.5}{\376\377\0004\000.\0001\0008\000.\0003\000.\0005\000\040\000u\000n\000b\000i\000n\000d\000\050\000\051}{subsection.4.18.3}% 187
\BOOKMARK [1][-]{section.4.19}{\376\377\0004\000.\0001\0009\000\040\000u\000d\000i\000t\000:\000:\000T\000e\000x\000t\000u\000r\000e\000\040\000C\000l\000a\000s\000s\000\040\000R\000e\000f\000e\000r\000e\000n\000c\000e}{chapter.4}% 188
\BOOKMARK [2][-]{subsection.4.19.1}{\376\377\0004\000.\0001\0009\000.\0001\000\040\000D\000e\000t\000a\000i\000l\000e\000d\000\040\000D\000e\000s\000c\000r\000i\000p\000t\000i\000o\000n}{section.4.19}% 189
\BOOKMARK [2][-]{subsection.4.19.2}{\376\377\0004\000.\0001\0009\000.\0002\000\040\000C\000o\000n\000s\000t\000r\000u\000c\000t\000o\000r\000\040\000\046\000\040\000D\000e\000s\000t\000r\000u\000c\000t\000o\000r\000\040\000D\000o\000c\000u\000m\000e\000n\000t\000a\000t\000i\000o\000n}{section.4.19}% 190
\BOOKMARK [3][-]{subsubsection.4.19.2.1}{\376\377\0004\000.\0001\0009\000.\0002\000.\0001\000\040\000T\000e\000x\000t\000u\000r\000e\000\050\000\051}{subsection.4.19.2}% 191
\BOOKMARK [2][-]{subsection.4.19.3}{\376\377\0004\000.\0001\0009\000.\0003\000\040\000M\000e\000m\000b\000e\000r\000\040\000F\000u\000n\000c\000t\000i\000o\000n\000\040\000D\000o\000c\000u\000m\000e\000n\000t\000a\000t\000i\000o\000n}{section.4.19}% 192
\BOOKMARK [3][-]{subsubsection.4.19.3.1}{\376\377\0004\000.\0001\0009\000.\0003\000.\0001\000\040\000b\000i\000n\000d\000\050\000\051}{subsection.4.19.3}% 193
\BOOKMARK [3][-]{subsubsection.4.19.3.2}{\376\377\0004\000.\0001\0009\000.\0003\000.\0002\000\040\000i\000s\000\137\000l\000o\000a\000d\000e\000d\000\050\000\051}{subsection.4.19.3}% 194
\BOOKMARK [3][-]{subsubsection.4.19.3.3}{\376\377\0004\000.\0001\0009\000.\0003\000.\0003\000\040\000l\000o\000a\000d\000\137\000t\000e\000x\000t\000u\000r\000e\000\050\000\051}{subsection.4.19.3}% 195
\BOOKMARK [3][-]{subsubsection.4.19.3.4}{\376\377\0004\000.\0001\0009\000.\0003\000.\0004\000\040\000s\000e\000t\000\137\000t\000y\000p\000e\000\050\000\051}{subsection.4.19.3}% 196
\BOOKMARK [3][-]{subsubsection.4.19.3.5}{\376\377\0004\000.\0001\0009\000.\0003\000.\0005\000\040\000u\000n\000b\000i\000n\000d\000\050\000\051}{subsection.4.19.3}% 197
\BOOKMARK [1][-]{section.4.20}{\376\377\0004\000.\0002\0000\000\040\000u\000d\000i\000t\000:\000:\000W\000i\000n\000d\000o\000w\000\040\000C\000l\000a\000s\000s\000\040\000R\000e\000f\000e\000r\000e\000n\000c\000e}{chapter.4}% 198
\BOOKMARK [2][-]{subsection.4.20.1}{\376\377\0004\000.\0002\0000\000.\0001\000\040\000C\000o\000n\000s\000t\000r\000u\000c\000t\000o\000r\000\040\000\046\000\040\000D\000e\000s\000t\000r\000u\000c\000t\000o\000r\000\040\000D\000o\000c\000u\000m\000e\000n\000t\000a\000t\000i\000o\000n}{section.4.20}% 199
\BOOKMARK [3][-]{subsubsection.4.20.1.1}{\376\377\0004\000.\0002\0000\000.\0001\000.\0001\000\040\000W\000i\000n\000d\000o\000w\000\050\000\051}{subsection.4.20.1}% 200
\BOOKMARK [1][-]{section.4.21}{\376\377\0004\000.\0002\0001\000\040\000W\000i\000n\000d\000o\000w\000\040\000C\000l\000a\000s\000s\000\040\000R\000e\000f\000e\000r\000e\000n\000c\000e}{chapter.4}% 201
\BOOKMARK [2][-]{subsection.4.21.1}{\376\377\0004\000.\0002\0001\000.\0001\000\040\000C\000o\000n\000s\000t\000r\000u\000c\000t\000o\000r\000\040\000\046\000\040\000D\000e\000s\000t\000r\000u\000c\000t\000o\000r\000\040\000D\000o\000c\000u\000m\000e\000n\000t\000a\000t\000i\000o\000n}{section.4.21}% 202
\BOOKMARK [3][-]{subsubsection.4.21.1.1}{\376\377\0004\000.\0002\0001\000.\0001\000.\0001\000\040\000W\000i\000n\000d\000o\000w\000\050\000\051}{subsection.4.21.1}% 203
\BOOKMARK [0][-]{chapter.5}{\376\377\0005\000\040\000F\000i\000l\000e\000\040\000D\000o\000c\000u\000m\000e\000n\000t\000a\000t\000i\000o\000n}{}% 204
\BOOKMARK [1][-]{section.5.1}{\376\377\0005\000.\0001\000\040\000C\000a\000m\000e\000r\000a\000.\000h\000p\000p}{chapter.5}% 205
\BOOKMARK [1][-]{section.5.2}{\376\377\0005\000.\0002\000\040\000C\000u\000b\000e\000.\000h\000p\000p}{chapter.5}% 206
\BOOKMARK [1][-]{section.5.3}{\376\377\0005\000.\0003\000\040\000E\000v\000e\000n\000t\000H\000a\000n\000d\000l\000e\000r\000.\000h\000p\000p}{chapter.5}% 207
\BOOKMARK [1][-]{section.5.4}{\376\377\0005\000.\0004\000\040\000L\000i\000g\000h\000t\000.\000h\000p\000p}{chapter.5}% 208
\BOOKMARK [1][-]{section.5.5}{\376\377\0005\000.\0005\000\040\000M\000e\000s\000h\000.\000h\000p\000p}{chapter.5}% 209
\BOOKMARK [1][-]{section.5.6}{\376\377\0005\000.\0006\000\040\000P\000l\000a\000n\000e\000.\000h\000p\000p}{chapter.5}% 210
\BOOKMARK [1][-]{section.5.7}{\376\377\0005\000.\0007\000\040\000/\000U\000s\000e\000r\000s\000/\000a\000l\000o\000n\000s\000o\000g\000g\000d\000e\000v\000/\000U\000D\000I\000T\000/\000A\000s\000i\000g\000n\000a\000t\000u\000r\000a\000s\000/\000P\000r\000o\000g\000r\000a\000m\000a\000c\000i\000o\000n\000\137\000G\000r\000a\000f\000i\000c\000a\000/\000G\000L\000\137\000S\000c\000e\000n\000e\000/\000c\000o\000d\000e\000/\000S\000c\000e\000n\000e\000.\000h\000p\000p\000\040\000F\000i\000l\000e\000\040\000R\000e\000f\000e\000r\000e\000n\000c\000e}{chapter.5}% 211
\BOOKMARK [2][-]{subsection.5.7.1}{\376\377\0005\000.\0007\000.\0001\000\040\000D\000e\000t\000a\000i\000l\000e\000d\000\040\000D\000e\000s\000c\000r\000i\000p\000t\000i\000o\000n}{section.5.7}% 212
\BOOKMARK [1][-]{section.5.8}{\376\377\0005\000.\0008\000\040\000S\000c\000e\000n\000e\000.\000h\000p\000p}{chapter.5}% 213
\BOOKMARK [1][-]{section.5.9}{\376\377\0005\000.\0009\000\040\000/\000U\000s\000e\000r\000s\000/\000a\000l\000o\000n\000s\000o\000g\000g\000d\000e\000v\000/\000U\000D\000I\000T\000/\000A\000s\000i\000g\000n\000a\000t\000u\000r\000a\000s\000/\000P\000r\000o\000g\000r\000a\000m\000a\000c\000i\000o\000n\000\137\000G\000r\000a\000f\000i\000c\000a\000/\000G\000L\000\137\000S\000c\000e\000n\000e\000/\000c\000o\000d\000e\000/\000S\000h\000a\000d\000e\000r\000.\000h\000p\000p\000\040\000F\000i\000l\000e\000\040\000R\000e\000f\000e\000r\000e\000n\000c\000e}{chapter.5}% 214
\BOOKMARK [2][-]{subsection.5.9.1}{\376\377\0005\000.\0009\000.\0001\000\040\000D\000e\000t\000a\000i\000l\000e\000d\000\040\000D\000e\000s\000c\000r\000i\000p\000t\000i\000o\000n}{section.5.9}% 215
\BOOKMARK [2][-]{subsection.5.9.2}{\376\377\0005\000.\0009\000.\0002\000\040\000E\000n\000u\000m\000e\000r\000a\000t\000i\000o\000n\000\040\000T\000y\000p\000e\000\040\000D\000o\000c\000u\000m\000e\000n\000t\000a\000t\000i\000o\000n}{section.5.9}% 216
\BOOKMARK [3][-]{subsubsection.5.9.2.1}{\376\377\0005\000.\0009\000.\0002\000.\0001\000\040\000S\000h\000a\000d\000e\000r\000T\000y\000p\000e}{subsection.5.9.2}% 217
\BOOKMARK [1][-]{section.5.10}{\376\377\0005\000.\0001\0000\000\040\000S\000h\000a\000d\000e\000r\000.\000h\000p\000p}{chapter.5}% 218
\BOOKMARK [1][-]{section.5.11}{\376\377\0005\000.\0001\0001\000\040\000/\000U\000s\000e\000r\000s\000/\000a\000l\000o\000n\000s\000o\000g\000g\000d\000e\000v\000/\000U\000D\000I\000T\000/\000A\000s\000i\000g\000n\000a\000t\000u\000r\000a\000s\000/\000P\000r\000o\000g\000r\000a\000m\000a\000c\000i\000o\000n\000\137\000G\000r\000a\000f\000i\000c\000a\000/\000G\000L\000\137\000S\000c\000e\000n\000e\000/\000c\000o\000d\000e\000/\000S\000k\000y\000b\000o\000x\000.\000h\000p\000p\000\040\000F\000i\000l\000e\000\040\000R\000e\000f\000e\000r\000e\000n\000c\000e}{chapter.5}% 219
\BOOKMARK [2][-]{subsection.5.11.1}{\376\377\0005\000.\0001\0001\000.\0001\000\040\000D\000e\000t\000a\000i\000l\000e\000d\000\040\000D\000e\000s\000c\000r\000i\000p\000t\000i\000o\000n}{section.5.11}% 220
\BOOKMARK [1][-]{section.5.12}{\376\377\0005\000.\0001\0002\000\040\000S\000k\000y\000b\000o\000x\000.\000h\000p\000p}{chapter.5}% 221
\BOOKMARK [1][-]{section.5.13}{\376\377\0005\000.\0001\0003\000\040\000/\000U\000s\000e\000r\000s\000/\000a\000l\000o\000n\000s\000o\000g\000g\000d\000e\000v\000/\000U\000D\000I\000T\000/\000A\000s\000i\000g\000n\000a\000t\000u\000r\000a\000s\000/\000P\000r\000o\000g\000r\000a\000m\000a\000c\000i\000o\000n\000\137\000G\000r\000a\000f\000i\000c\000a\000/\000G\000L\000\137\000S\000c\000e\000n\000e\000/\000c\000o\000d\000e\000/\000T\000e\000x\000t\000u\000r\000e\000.\000h\000p\000p\000\040\000F\000i\000l\000e\000\040\000R\000e\000f\000e\000r\000e\000n\000c\000e}{chapter.5}% 222
\BOOKMARK [2][-]{subsection.5.13.1}{\376\377\0005\000.\0001\0003\000.\0001\000\040\000D\000e\000t\000a\000i\000l\000e\000d\000\040\000D\000e\000s\000c\000r\000i\000p\000t\000i\000o\000n}{section.5.13}% 223
\BOOKMARK [2][-]{subsection.5.13.2}{\376\377\0005\000.\0001\0003\000.\0002\000\040\000E\000n\000u\000m\000e\000r\000a\000t\000i\000o\000n\000\040\000T\000y\000p\000e\000\040\000D\000o\000c\000u\000m\000e\000n\000t\000a\000t\000i\000o\000n}{section.5.13}% 224
\BOOKMARK [3][-]{subsubsection.5.13.2.1}{\376\377\0005\000.\0001\0003\000.\0002\000.\0001\000\040\000T\000e\000x\000t\000u\000r\000e\000\137\000T\000y\000p\000e}{subsection.5.13.2}% 225
\BOOKMARK [1][-]{section.5.14}{\376\377\0005\000.\0001\0004\000\040\000T\000e\000x\000t\000u\000r\000e\000.\000h\000p\000p}{chapter.5}% 226
\BOOKMARK [1][-]{section.5.15}{\376\377\0005\000.\0001\0005\000\040\000W\000i\000n\000d\000o\000w\000.\000h\000p\000p}{chapter.5}% 227
\BOOKMARK [0][-]{section*.77}{\376\377\000I\000n\000d\000e\000x}{}% 228
